2015/08/07 14:14:01 [error] [exception.CHttpException.404] exception 'CHttpException' with message 'Unable to resolve the request "users".' in /opt/lampp/htdocs/helloyii.loc/www/framework/web/CWebApplication.php:286
Stack trace:
#0 /opt/lampp/htdocs/helloyii.loc/www/framework/web/CWebApplication.php(141): CWebApplication->runController('users')
#1 /opt/lampp/htdocs/helloyii.loc/www/framework/base/CApplication.php(184): CWebApplication->processRequest()
#2 /opt/lampp/htdocs/helloyii.loc/www/index.php(13): CApplication->run()
#3 {main}
REQUEST_URI=/index.php?r=users
---
2015/08/07 14:14:06 [error] [exception.CHttpException.404] exception 'CHttpException' with message 'Unable to resolve the request "users/index".' in /opt/lampp/htdocs/helloyii.loc/www/framework/web/CWebApplication.php:286
Stack trace:
#0 /opt/lampp/htdocs/helloyii.loc/www/framework/web/CWebApplication.php(141): CWebApplication->runController('users/index')
#1 /opt/lampp/htdocs/helloyii.loc/www/framework/base/CApplication.php(184): CWebApplication->processRequest()
#2 /opt/lampp/htdocs/helloyii.loc/www/index.php(13): CApplication->run()
#3 {main}
REQUEST_URI=/index.php?r=users/index
---
2015/08/07 14:36:35 [error] [php] Missing argument 2 for YiiBase::t(), called in /opt/lampp/htdocs/helloyii.loc/www/protected/models/LoginForm.php on line 40 and defined (/opt/lampp/htdocs/helloyii.loc/www/framework/YiiBase.php:582)
Stack trace:
#0 /opt/lampp/htdocs/helloyii.loc/www/framework/web/helpers/CHtml.php(1489): LoginForm->getAttributeLabel()
#1 /opt/lampp/htdocs/helloyii.loc/www/framework/web/helpers/CHtml.php(1514): activeLabel()
#2 /opt/lampp/htdocs/helloyii.loc/www/framework/web/widgets/CActiveForm.php(600): activeLabelEx()
#3 /opt/lampp/htdocs/helloyii.loc/www/protected/views/site/login.php(28): CActiveForm->labelEx()
#4 /opt/lampp/htdocs/helloyii.loc/www/framework/web/CBaseController.php(126): require()
#5 /opt/lampp/htdocs/helloyii.loc/www/framework/web/CBaseController.php(95): SiteController->renderInternal()
#6 /opt/lampp/htdocs/helloyii.loc/www/framework/web/CController.php(869): SiteController->renderFile()
#7 /opt/lampp/htdocs/helloyii.loc/www/framework/web/CController.php(782): SiteController->renderPartial()
#8 /opt/lampp/htdocs/helloyii.loc/www/protected/controllers/SiteController.php(98): SiteController->render()
#9 /opt/lampp/htdocs/helloyii.loc/www/framework/web/actions/CInlineAction.php(49): SiteController->actionLogin()
#10 /opt/lampp/htdocs/helloyii.loc/www/framework/web/CController.php(308): CInlineAction->runWithParams()
#11 /opt/lampp/htdocs/helloyii.loc/www/framework/web/CController.php(286): SiteController->runAction()
#12 /opt/lampp/htdocs/helloyii.loc/www/framework/web/CController.php(265): SiteController->runActionWithFilters()
#13 /opt/lampp/htdocs/helloyii.loc/www/framework/web/CWebApplication.php(282): SiteController->run()
#14 /opt/lampp/htdocs/helloyii.loc/www/framework/web/CWebApplication.php(141): CWebApplication->runController()
#15 /opt/lampp/htdocs/helloyii.loc/www/framework/base/CApplication.php(184): CWebApplication->processRequest()
#16 /opt/lampp/htdocs/helloyii.loc/www/index.php(13): CWebApplication->run()
REQUEST_URI=/index.php?r=site/login
in /opt/lampp/htdocs/helloyii.loc/www/protected/models/LoginForm.php (40)
in /opt/lampp/htdocs/helloyii.loc/www/protected/views/site/login.php (28)
in /opt/lampp/htdocs/helloyii.loc/www/protected/controllers/SiteController.php (98)
2015/08/07 14:36:49 [error] [php] Missing argument 2 for YiiBase::t(), called in /opt/lampp/htdocs/helloyii.loc/www/protected/models/LoginForm.php on line 40 and defined (/opt/lampp/htdocs/helloyii.loc/www/framework/YiiBase.php:582)
Stack trace:
#0 /opt/lampp/htdocs/helloyii.loc/www/framework/web/helpers/CHtml.php(1489): LoginForm->getAttributeLabel()
#1 /opt/lampp/htdocs/helloyii.loc/www/framework/web/helpers/CHtml.php(1514): activeLabel()
#2 /opt/lampp/htdocs/helloyii.loc/www/framework/web/widgets/CActiveForm.php(600): activeLabelEx()
#3 /opt/lampp/htdocs/helloyii.loc/www/protected/views/site/login.php(28): CActiveForm->labelEx()
#4 /opt/lampp/htdocs/helloyii.loc/www/framework/web/CBaseController.php(126): require()
#5 /opt/lampp/htdocs/helloyii.loc/www/framework/web/CBaseController.php(95): SiteController->renderInternal()
#6 /opt/lampp/htdocs/helloyii.loc/www/framework/web/CController.php(869): SiteController->renderFile()
#7 /opt/lampp/htdocs/helloyii.loc/www/framework/web/CController.php(782): SiteController->renderPartial()
#8 /opt/lampp/htdocs/helloyii.loc/www/protected/controllers/SiteController.php(98): SiteController->render()
#9 /opt/lampp/htdocs/helloyii.loc/www/framework/web/actions/CInlineAction.php(49): SiteController->actionLogin()
#10 /opt/lampp/htdocs/helloyii.loc/www/framework/web/CController.php(308): CInlineAction->runWithParams()
#11 /opt/lampp/htdocs/helloyii.loc/www/framework/web/CController.php(286): SiteController->runAction()
#12 /opt/lampp/htdocs/helloyii.loc/www/framework/web/CController.php(265): SiteController->runActionWithFilters()
#13 /opt/lampp/htdocs/helloyii.loc/www/framework/web/CWebApplication.php(282): SiteController->run()
#14 /opt/lampp/htdocs/helloyii.loc/www/framework/web/CWebApplication.php(141): CWebApplication->runController()
#15 /opt/lampp/htdocs/helloyii.loc/www/framework/base/CApplication.php(184): CWebApplication->processRequest()
#16 /opt/lampp/htdocs/helloyii.loc/www/index.php(13): CWebApplication->run()
REQUEST_URI=/index.php?r=site/login
in /opt/lampp/htdocs/helloyii.loc/www/protected/models/LoginForm.php (40)
in /opt/lampp/htdocs/helloyii.loc/www/protected/views/site/login.php (28)
in /opt/lampp/htdocs/helloyii.loc/www/protected/controllers/SiteController.php (98)
2015/08/07 14:37:08 [error] [php] Array to string conversion (/opt/lampp/htdocs/helloyii.loc/www/framework/web/helpers/CHtml.php:591)
Stack trace:
#0 /opt/lampp/htdocs/helloyii.loc/www/framework/web/widgets/CActiveForm.php(600): activeLabelEx()
#1 /opt/lampp/htdocs/helloyii.loc/www/protected/views/site/login.php(28): CActiveForm->labelEx()
#2 /opt/lampp/htdocs/helloyii.loc/www/framework/web/CBaseController.php(126): require()
#3 /opt/lampp/htdocs/helloyii.loc/www/framework/web/CBaseController.php(95): SiteController->renderInternal()
#4 /opt/lampp/htdocs/helloyii.loc/www/framework/web/CController.php(869): SiteController->renderFile()
#5 /opt/lampp/htdocs/helloyii.loc/www/framework/web/CController.php(782): SiteController->renderPartial()
#6 /opt/lampp/htdocs/helloyii.loc/www/protected/controllers/SiteController.php(98): SiteController->render()
#7 /opt/lampp/htdocs/helloyii.loc/www/framework/web/actions/CInlineAction.php(49): SiteController->actionLogin()
#8 /opt/lampp/htdocs/helloyii.loc/www/framework/web/CController.php(308): CInlineAction->runWithParams()
#9 /opt/lampp/htdocs/helloyii.loc/www/framework/web/CController.php(286): SiteController->runAction()
#10 /opt/lampp/htdocs/helloyii.loc/www/framework/web/CController.php(265): SiteController->runActionWithFilters()
#11 /opt/lampp/htdocs/helloyii.loc/www/framework/web/CWebApplication.php(282): SiteController->run()
#12 /opt/lampp/htdocs/helloyii.loc/www/framework/web/CWebApplication.php(141): CWebApplication->runController()
#13 /opt/lampp/htdocs/helloyii.loc/www/framework/base/CApplication.php(184): CWebApplication->processRequest()
#14 /opt/lampp/htdocs/helloyii.loc/www/index.php(13): CWebApplication->run()
REQUEST_URI=/index.php?r=site/login
in /opt/lampp/htdocs/helloyii.loc/www/protected/views/site/login.php (28)
in /opt/lampp/htdocs/helloyii.loc/www/protected/controllers/SiteController.php (98)
in /opt/lampp/htdocs/helloyii.loc/www/index.php (13)
2015/08/07 14:42:36 [error] [php] require_once(lamzin/Ulib.php): failed to open stream: No such file or directory (/opt/lampp/htdocs/helloyii.loc/www/protected/controllers/SiteController.php:3)
Stack trace:
#0 /opt/lampp/htdocs/helloyii.loc/www/framework/web/CWebApplication.php(276): CWebApplication->createController()
#1 /opt/lampp/htdocs/helloyii.loc/www/framework/web/CWebApplication.php(141): CWebApplication->runController()
#2 /opt/lampp/htdocs/helloyii.loc/www/framework/base/CApplication.php(184): CWebApplication->processRequest()
#3 /opt/lampp/htdocs/helloyii.loc/www/index.php(13): CWebApplication->run()
REQUEST_URI=/index.php?r=site/login
in /opt/lampp/htdocs/helloyii.loc/www/protected/controllers/SiteController.php (3)
in /opt/lampp/htdocs/helloyii.loc/www/protected/controllers/SiteController.php (3)
in /opt/lampp/htdocs/helloyii.loc/www/index.php (13)
2015/08/07 15:55:01 [error] [php] include(Users.php): failed to open stream: No such file or directory (/opt/lampp/htdocs/helloyii.loc/www/framework/YiiBase.php:432)
Stack trace:
#0 /opt/lampp/htdocs/helloyii.loc/www/protected/components/UserIdentity.php(25): spl_autoload_call()
#1 /opt/lampp/htdocs/helloyii.loc/www/protected/models/LoginForm.php(54): UserIdentity->authenticate()
#2 /opt/lampp/htdocs/helloyii.loc/www/framework/validators/CInlineValidator.php(42): LoginForm->authenticate()
#3 /opt/lampp/htdocs/helloyii.loc/www/framework/validators/CValidator.php(201): CInlineValidator->validateAttribute()
#4 /opt/lampp/htdocs/helloyii.loc/www/framework/base/CModel.php(159): CInlineValidator->validate()
#5 /opt/lampp/htdocs/helloyii.loc/www/protected/controllers/SiteController.php(96): LoginForm->validate()
#6 /opt/lampp/htdocs/helloyii.loc/www/framework/web/actions/CInlineAction.php(49): SiteController->actionLogin()
#7 /opt/lampp/htdocs/helloyii.loc/www/framework/web/CController.php(308): CInlineAction->runWithParams()
#8 /opt/lampp/htdocs/helloyii.loc/www/framework/web/CController.php(286): SiteController->runAction()
#9 /opt/lampp/htdocs/helloyii.loc/www/framework/web/CController.php(265): SiteController->runActionWithFilters()
#10 /opt/lampp/htdocs/helloyii.loc/www/framework/web/CWebApplication.php(282): SiteController->run()
#11 /opt/lampp/htdocs/helloyii.loc/www/framework/web/CWebApplication.php(141): CWebApplication->runController()
#12 /opt/lampp/htdocs/helloyii.loc/www/framework/base/CApplication.php(184): CWebApplication->processRequest()
#13 /opt/lampp/htdocs/helloyii.loc/www/index.php(13): CWebApplication->run()
REQUEST_URI=/index.php?r=site/login
in /opt/lampp/htdocs/helloyii.loc/www/protected/components/UserIdentity.php (25)
in /opt/lampp/htdocs/helloyii.loc/www/protected/models/LoginForm.php (54)
in /opt/lampp/htdocs/helloyii.loc/www/protected/controllers/SiteController.php (96)
2015/08/07 16:01:51 [error] [exception.CHttpException.404] exception 'CHttpException' with message 'Unable to resolve the request "users".' in /opt/lampp/htdocs/helloyii.loc/www/framework/web/CWebApplication.php:286
Stack trace:
#0 /opt/lampp/htdocs/helloyii.loc/www/framework/web/CWebApplication.php(141): CWebApplication->runController('users')
#1 /opt/lampp/htdocs/helloyii.loc/www/framework/base/CApplication.php(184): CWebApplication->processRequest()
#2 /opt/lampp/htdocs/helloyii.loc/www/index.php(13): CApplication->run()
#3 {main}
REQUEST_URI=/index.php?r=users
---
2015/08/07 16:02:04 [error] [exception.CHttpException.403] exception 'CHttpException' with message 'You are not authorized to perform this action.' in /opt/lampp/htdocs/helloyii.loc/www/framework/web/auth/CAccessControlFilter.php:182
Stack trace:
#0 /opt/lampp/htdocs/helloyii.loc/www/framework/web/auth/CAccessControlFilter.php(145): CAccessControlFilter->accessDenied(Object(CWebUser), 'You are not aut...')
#1 /opt/lampp/htdocs/helloyii.loc/www/framework/web/filters/CFilter.php(38): CAccessControlFilter->preFilter(Object(CFilterChain))
#2 /opt/lampp/htdocs/helloyii.loc/www/framework/web/CController.php(1145): CFilter->filter(Object(CFilterChain))
#3 /opt/lampp/htdocs/helloyii.loc/www/framework/web/filters/CInlineFilter.php(58): CController->filterAccessControl(Object(CFilterChain))
#4 /opt/lampp/htdocs/helloyii.loc/www/framework/web/filters/CFilterChain.php(130): CInlineFilter->filter(Object(CFilterChain))
#5 /opt/lampp/htdocs/helloyii.loc/www/framework/web/CController.php(291): CFilterChain->run()
#6 /opt/lampp/htdocs/helloyii.loc/www/framework/web/CController.php(265): CController->runActionWithFilters(Object(CInlineAction), Array)
#7 /opt/lampp/htdocs/helloyii.loc/www/framework/web/CWebApplication.php(282): CController->run('admin')
#8 /opt/lampp/htdocs/helloyii.loc/www/framework/web/CWebApplication.php(141): CWebApplication->runController('user/admin')
#9 /opt/lampp/htdocs/helloyii.loc/www/framework/base/CApplication.php(184): CWebApplication->processRequest()
#10 /opt/lampp/htdocs/helloyii.loc/www/index.php(13): CApplication->run()
#11 {main}
REQUEST_URI=/index.php?r=user/admin
HTTP_REFERER=http://helloyii.loc/index.php?r=user
---
2015/08/07 16:02:29 [error] [exception.CHttpException.403] exception 'CHttpException' with message 'You are not authorized to perform this action.' in /opt/lampp/htdocs/helloyii.loc/www/framework/web/auth/CAccessControlFilter.php:182
Stack trace:
#0 /opt/lampp/htdocs/helloyii.loc/www/framework/web/auth/CAccessControlFilter.php(145): CAccessControlFilter->accessDenied(Object(CWebUser), 'You are not aut...')
#1 /opt/lampp/htdocs/helloyii.loc/www/framework/web/filters/CFilter.php(38): CAccessControlFilter->preFilter(Object(CFilterChain))
#2 /opt/lampp/htdocs/helloyii.loc/www/framework/web/CController.php(1145): CFilter->filter(Object(CFilterChain))
#3 /opt/lampp/htdocs/helloyii.loc/www/framework/web/filters/CInlineFilter.php(58): CController->filterAccessControl(Object(CFilterChain))
#4 /opt/lampp/htdocs/helloyii.loc/www/framework/web/filters/CFilterChain.php(130): CInlineFilter->filter(Object(CFilterChain))
#5 /opt/lampp/htdocs/helloyii.loc/www/framework/web/CController.php(291): CFilterChain->run()
#6 /opt/lampp/htdocs/helloyii.loc/www/framework/web/CController.php(265): CController->runActionWithFilters(Object(CInlineAction), Array)
#7 /opt/lampp/htdocs/helloyii.loc/www/framework/web/CWebApplication.php(282): CController->run('admin')
#8 /opt/lampp/htdocs/helloyii.loc/www/framework/web/CWebApplication.php(141): CWebApplication->runController('user/admin')
#9 /opt/lampp/htdocs/helloyii.loc/www/framework/base/CApplication.php(184): CWebApplication->processRequest()
#10 /opt/lampp/htdocs/helloyii.loc/www/index.php(13): CApplication->run()
#11 {main}
REQUEST_URI=/index.php?r=user/admin
HTTP_REFERER=http://helloyii.loc/index.php?r=user/create
---
2015/08/07 16:03:22 [error] [exception.CHttpException.403] exception 'CHttpException' with message 'You are not authorized to perform this action.' in /opt/lampp/htdocs/helloyii.loc/www/framework/web/auth/CAccessControlFilter.php:182
Stack trace:
#0 /opt/lampp/htdocs/helloyii.loc/www/framework/web/auth/CAccessControlFilter.php(145): CAccessControlFilter->accessDenied(Object(CWebUser), 'You are not aut...')
#1 /opt/lampp/htdocs/helloyii.loc/www/framework/web/filters/CFilter.php(38): CAccessControlFilter->preFilter(Object(CFilterChain))
#2 /opt/lampp/htdocs/helloyii.loc/www/framework/web/CController.php(1145): CFilter->filter(Object(CFilterChain))
#3 /opt/lampp/htdocs/helloyii.loc/www/framework/web/filters/CInlineFilter.php(58): CController->filterAccessControl(Object(CFilterChain))
#4 /opt/lampp/htdocs/helloyii.loc/www/framework/web/filters/CFilterChain.php(130): CInlineFilter->filter(Object(CFilterChain))
#5 /opt/lampp/htdocs/helloyii.loc/www/framework/web/CController.php(291): CFilterChain->run()
#6 /opt/lampp/htdocs/helloyii.loc/www/framework/web/CController.php(265): CController->runActionWithFilters(Object(CInlineAction), Array)
#7 /opt/lampp/htdocs/helloyii.loc/www/framework/web/CWebApplication.php(282): CController->run('admin')
#8 /opt/lampp/htdocs/helloyii.loc/www/framework/web/CWebApplication.php(141): CWebApplication->runController('user/admin')
#9 /opt/lampp/htdocs/helloyii.loc/www/framework/base/CApplication.php(184): CWebApplication->processRequest()
#10 /opt/lampp/htdocs/helloyii.loc/www/index.php(13): CApplication->run()
#11 {main}
REQUEST_URI=/index.php?r=user/admin
HTTP_REFERER=http://helloyii.loc/index.php?r=user/view&id=3
---
2015/08/07 16:03:40 [error] [exception.CHttpException.403] exception 'CHttpException' with message 'You are not authorized to perform this action.' in /opt/lampp/htdocs/helloyii.loc/www/framework/web/auth/CAccessControlFilter.php:182
Stack trace:
#0 /opt/lampp/htdocs/helloyii.loc/www/framework/web/auth/CAccessControlFilter.php(145): CAccessControlFilter->accessDenied(Object(CWebUser), 'You are not aut...')
#1 /opt/lampp/htdocs/helloyii.loc/www/framework/web/filters/CFilter.php(38): CAccessControlFilter->preFilter(Object(CFilterChain))
#2 /opt/lampp/htdocs/helloyii.loc/www/framework/web/CController.php(1145): CFilter->filter(Object(CFilterChain))
#3 /opt/lampp/htdocs/helloyii.loc/www/framework/web/filters/CInlineFilter.php(58): CController->filterAccessControl(Object(CFilterChain))
#4 /opt/lampp/htdocs/helloyii.loc/www/framework/web/filters/CFilterChain.php(130): CInlineFilter->filter(Object(CFilterChain))
#5 /opt/lampp/htdocs/helloyii.loc/www/framework/web/CController.php(291): CFilterChain->run()
#6 /opt/lampp/htdocs/helloyii.loc/www/framework/web/CController.php(265): CController->runActionWithFilters(Object(CInlineAction), Array)
#7 /opt/lampp/htdocs/helloyii.loc/www/framework/web/CWebApplication.php(282): CController->run('admin')
#8 /opt/lampp/htdocs/helloyii.loc/www/framework/web/CWebApplication.php(141): CWebApplication->runController('user/admin')
#9 /opt/lampp/htdocs/helloyii.loc/www/framework/base/CApplication.php(184): CWebApplication->processRequest()
#10 /opt/lampp/htdocs/helloyii.loc/www/index.php(13): CApplication->run()
#11 {main}
REQUEST_URI=/index.php?r=user/admin
HTTP_REFERER=http://helloyii.loc/index.php?r=user/index
---
2015/08/07 16:05:59 [error] [exception.CHttpException.403] exception 'CHttpException' with message 'You are not authorized to perform this action.' in /opt/lampp/htdocs/helloyii.loc/www/framework/web/auth/CAccessControlFilter.php:182
Stack trace:
#0 /opt/lampp/htdocs/helloyii.loc/www/framework/web/auth/CAccessControlFilter.php(145): CAccessControlFilter->accessDenied(Object(CWebUser), 'You are not aut...')
#1 /opt/lampp/htdocs/helloyii.loc/www/framework/web/filters/CFilter.php(38): CAccessControlFilter->preFilter(Object(CFilterChain))
#2 /opt/lampp/htdocs/helloyii.loc/www/framework/web/CController.php(1145): CFilter->filter(Object(CFilterChain))
#3 /opt/lampp/htdocs/helloyii.loc/www/framework/web/filters/CInlineFilter.php(58): CController->filterAccessControl(Object(CFilterChain))
#4 /opt/lampp/htdocs/helloyii.loc/www/framework/web/filters/CFilterChain.php(130): CInlineFilter->filter(Object(CFilterChain))
#5 /opt/lampp/htdocs/helloyii.loc/www/framework/web/CController.php(291): CFilterChain->run()
#6 /opt/lampp/htdocs/helloyii.loc/www/framework/web/CController.php(265): CController->runActionWithFilters(Object(CInlineAction), Array)
#7 /opt/lampp/htdocs/helloyii.loc/www/framework/web/CWebApplication.php(282): CController->run('admin')
#8 /opt/lampp/htdocs/helloyii.loc/www/framework/web/CWebApplication.php(141): CWebApplication->runController('user/admin')
#9 /opt/lampp/htdocs/helloyii.loc/www/framework/base/CApplication.php(184): CWebApplication->processRequest()
#10 /opt/lampp/htdocs/helloyii.loc/www/index.php(13): CApplication->run()
#11 {main}
REQUEST_URI=/index.php?r=user/admin
HTTP_REFERER=http://helloyii.loc/index.php?r=user
---
2015/08/07 16:06:14 [error] [exception.CHttpException.403] exception 'CHttpException' with message 'You are not authorized to perform this action.' in /opt/lampp/htdocs/helloyii.loc/www/framework/web/auth/CAccessControlFilter.php:182
Stack trace:
#0 /opt/lampp/htdocs/helloyii.loc/www/framework/web/auth/CAccessControlFilter.php(145): CAccessControlFilter->accessDenied(Object(CWebUser), 'You are not aut...')
#1 /opt/lampp/htdocs/helloyii.loc/www/framework/web/filters/CFilter.php(38): CAccessControlFilter->preFilter(Object(CFilterChain))
#2 /opt/lampp/htdocs/helloyii.loc/www/framework/web/CController.php(1145): CFilter->filter(Object(CFilterChain))
#3 /opt/lampp/htdocs/helloyii.loc/www/framework/web/filters/CInlineFilter.php(58): CController->filterAccessControl(Object(CFilterChain))
#4 /opt/lampp/htdocs/helloyii.loc/www/framework/web/filters/CFilterChain.php(130): CInlineFilter->filter(Object(CFilterChain))
#5 /opt/lampp/htdocs/helloyii.loc/www/framework/web/CController.php(291): CFilterChain->run()
#6 /opt/lampp/htdocs/helloyii.loc/www/framework/web/CController.php(265): CController->runActionWithFilters(Object(CInlineAction), Array)
#7 /opt/lampp/htdocs/helloyii.loc/www/framework/web/CWebApplication.php(282): CController->run('admin')
#8 /opt/lampp/htdocs/helloyii.loc/www/framework/web/CWebApplication.php(141): CWebApplication->runController('user/admin')
#9 /opt/lampp/htdocs/helloyii.loc/www/framework/base/CApplication.php(184): CWebApplication->processRequest()
#10 /opt/lampp/htdocs/helloyii.loc/www/index.php(13): CApplication->run()
#11 {main}
REQUEST_URI=/index.php?r=user/admin
HTTP_REFERER=http://helloyii.loc/index.php?r=user
---
2015/08/07 16:07:16 [error] [exception.CHttpException.403] exception 'CHttpException' with message 'You are not authorized to perform this action.' in /opt/lampp/htdocs/helloyii.loc/www/framework/web/auth/CAccessControlFilter.php:182
Stack trace:
#0 /opt/lampp/htdocs/helloyii.loc/www/framework/web/auth/CAccessControlFilter.php(145): CAccessControlFilter->accessDenied(Object(CWebUser), 'You are not aut...')
#1 /opt/lampp/htdocs/helloyii.loc/www/framework/web/filters/CFilter.php(38): CAccessControlFilter->preFilter(Object(CFilterChain))
#2 /opt/lampp/htdocs/helloyii.loc/www/framework/web/CController.php(1145): CFilter->filter(Object(CFilterChain))
#3 /opt/lampp/htdocs/helloyii.loc/www/framework/web/filters/CInlineFilter.php(58): CController->filterAccessControl(Object(CFilterChain))
#4 /opt/lampp/htdocs/helloyii.loc/www/framework/web/filters/CFilterChain.php(130): CInlineFilter->filter(Object(CFilterChain))
#5 /opt/lampp/htdocs/helloyii.loc/www/framework/web/CController.php(291): CFilterChain->run()
#6 /opt/lampp/htdocs/helloyii.loc/www/framework/web/CController.php(265): CController->runActionWithFilters(Object(CInlineAction), Array)
#7 /opt/lampp/htdocs/helloyii.loc/www/framework/web/CWebApplication.php(282): CController->run('admin')
#8 /opt/lampp/htdocs/helloyii.loc/www/framework/web/CWebApplication.php(141): CWebApplication->runController('user/admin')
#9 /opt/lampp/htdocs/helloyii.loc/www/framework/base/CApplication.php(184): CWebApplication->processRequest()
#10 /opt/lampp/htdocs/helloyii.loc/www/index.php(13): CApplication->run()
#11 {main}
REQUEST_URI=/index.php?r=user/admin
HTTP_REFERER=http://helloyii.loc/index.php?r=user
---
2015/08/07 16:07:28 [error] [exception.CHttpException.403] exception 'CHttpException' with message 'You are not authorized to perform this action.' in /opt/lampp/htdocs/helloyii.loc/www/framework/web/auth/CAccessControlFilter.php:182
Stack trace:
#0 /opt/lampp/htdocs/helloyii.loc/www/framework/web/auth/CAccessControlFilter.php(145): CAccessControlFilter->accessDenied(Object(CWebUser), 'You are not aut...')
#1 /opt/lampp/htdocs/helloyii.loc/www/framework/web/filters/CFilter.php(38): CAccessControlFilter->preFilter(Object(CFilterChain))
#2 /opt/lampp/htdocs/helloyii.loc/www/framework/web/CController.php(1145): CFilter->filter(Object(CFilterChain))
#3 /opt/lampp/htdocs/helloyii.loc/www/framework/web/filters/CInlineFilter.php(58): CController->filterAccessControl(Object(CFilterChain))
#4 /opt/lampp/htdocs/helloyii.loc/www/framework/web/filters/CFilterChain.php(130): CInlineFilter->filter(Object(CFilterChain))
#5 /opt/lampp/htdocs/helloyii.loc/www/framework/web/CController.php(291): CFilterChain->run()
#6 /opt/lampp/htdocs/helloyii.loc/www/framework/web/CController.php(265): CController->runActionWithFilters(Object(CInlineAction), Array)
#7 /opt/lampp/htdocs/helloyii.loc/www/framework/web/CWebApplication.php(282): CController->run('admin')
#8 /opt/lampp/htdocs/helloyii.loc/www/framework/web/CWebApplication.php(141): CWebApplication->runController('user/admin')
#9 /opt/lampp/htdocs/helloyii.loc/www/framework/base/CApplication.php(184): CWebApplication->processRequest()
#10 /opt/lampp/htdocs/helloyii.loc/www/index.php(13): CApplication->run()
#11 {main}
REQUEST_URI=/index.php?r=user/admin
HTTP_REFERER=http://helloyii.loc/index.php?r=user
---
2015/08/07 16:09:09 [error] [exception.CHttpException.403] exception 'CHttpException' with message 'You are not authorized to perform this action.' in /opt/lampp/htdocs/helloyii.loc/www/framework/web/auth/CAccessControlFilter.php:182
Stack trace:
#0 /opt/lampp/htdocs/helloyii.loc/www/framework/web/auth/CAccessControlFilter.php(145): CAccessControlFilter->accessDenied(Object(CWebUser), 'You are not aut...')
#1 /opt/lampp/htdocs/helloyii.loc/www/framework/web/filters/CFilter.php(38): CAccessControlFilter->preFilter(Object(CFilterChain))
#2 /opt/lampp/htdocs/helloyii.loc/www/framework/web/CController.php(1145): CFilter->filter(Object(CFilterChain))
#3 /opt/lampp/htdocs/helloyii.loc/www/framework/web/filters/CInlineFilter.php(58): CController->filterAccessControl(Object(CFilterChain))
#4 /opt/lampp/htdocs/helloyii.loc/www/framework/web/filters/CFilterChain.php(130): CInlineFilter->filter(Object(CFilterChain))
#5 /opt/lampp/htdocs/helloyii.loc/www/framework/web/CController.php(291): CFilterChain->run()
#6 /opt/lampp/htdocs/helloyii.loc/www/framework/web/CController.php(265): CController->runActionWithFilters(Object(CInlineAction), Array)
#7 /opt/lampp/htdocs/helloyii.loc/www/framework/web/CWebApplication.php(282): CController->run('admin')
#8 /opt/lampp/htdocs/helloyii.loc/www/framework/web/CWebApplication.php(141): CWebApplication->runController('user/admin')
#9 /opt/lampp/htdocs/helloyii.loc/www/framework/base/CApplication.php(184): CWebApplication->processRequest()
#10 /opt/lampp/htdocs/helloyii.loc/www/index.php(13): CApplication->run()
#11 {main}
REQUEST_URI=/index.php?r=user/admin
HTTP_REFERER=http://helloyii.loc/index.php?r=user
---
2015/08/07 16:09:51 [error] [exception.CHttpException.403] exception 'CHttpException' with message 'You are not authorized to perform this action.' in /opt/lampp/htdocs/helloyii.loc/www/framework/web/auth/CAccessControlFilter.php:182
Stack trace:
#0 /opt/lampp/htdocs/helloyii.loc/www/framework/web/auth/CAccessControlFilter.php(145): CAccessControlFilter->accessDenied(Object(CWebUser), 'You are not aut...')
#1 /opt/lampp/htdocs/helloyii.loc/www/framework/web/filters/CFilter.php(38): CAccessControlFilter->preFilter(Object(CFilterChain))
#2 /opt/lampp/htdocs/helloyii.loc/www/framework/web/CController.php(1145): CFilter->filter(Object(CFilterChain))
#3 /opt/lampp/htdocs/helloyii.loc/www/framework/web/filters/CInlineFilter.php(58): CController->filterAccessControl(Object(CFilterChain))
#4 /opt/lampp/htdocs/helloyii.loc/www/framework/web/filters/CFilterChain.php(130): CInlineFilter->filter(Object(CFilterChain))
#5 /opt/lampp/htdocs/helloyii.loc/www/framework/web/CController.php(291): CFilterChain->run()
#6 /opt/lampp/htdocs/helloyii.loc/www/framework/web/CController.php(265): CController->runActionWithFilters(Object(CInlineAction), Array)
#7 /opt/lampp/htdocs/helloyii.loc/www/framework/web/CWebApplication.php(282): CController->run('admin')
#8 /opt/lampp/htdocs/helloyii.loc/www/framework/web/CWebApplication.php(141): CWebApplication->runController('user/admin')
#9 /opt/lampp/htdocs/helloyii.loc/www/framework/base/CApplication.php(184): CWebApplication->processRequest()
#10 /opt/lampp/htdocs/helloyii.loc/www/index.php(13): CApplication->run()
#11 {main}
REQUEST_URI=/index.php?r=user/admin
HTTP_REFERER=http://helloyii.loc/index.php?r=user
---
2015/08/07 16:09:52 [error] [exception.CHttpException.403] exception 'CHttpException' with message 'You are not authorized to perform this action.' in /opt/lampp/htdocs/helloyii.loc/www/framework/web/auth/CAccessControlFilter.php:182
Stack trace:
#0 /opt/lampp/htdocs/helloyii.loc/www/framework/web/auth/CAccessControlFilter.php(145): CAccessControlFilter->accessDenied(Object(CWebUser), 'You are not aut...')
#1 /opt/lampp/htdocs/helloyii.loc/www/framework/web/filters/CFilter.php(38): CAccessControlFilter->preFilter(Object(CFilterChain))
#2 /opt/lampp/htdocs/helloyii.loc/www/framework/web/CController.php(1145): CFilter->filter(Object(CFilterChain))
#3 /opt/lampp/htdocs/helloyii.loc/www/framework/web/filters/CInlineFilter.php(58): CController->filterAccessControl(Object(CFilterChain))
#4 /opt/lampp/htdocs/helloyii.loc/www/framework/web/filters/CFilterChain.php(130): CInlineFilter->filter(Object(CFilterChain))
#5 /opt/lampp/htdocs/helloyii.loc/www/framework/web/CController.php(291): CFilterChain->run()
#6 /opt/lampp/htdocs/helloyii.loc/www/framework/web/CController.php(265): CController->runActionWithFilters(Object(CInlineAction), Array)
#7 /opt/lampp/htdocs/helloyii.loc/www/framework/web/CWebApplication.php(282): CController->run('admin')
#8 /opt/lampp/htdocs/helloyii.loc/www/framework/web/CWebApplication.php(141): CWebApplication->runController('user/admin')
#9 /opt/lampp/htdocs/helloyii.loc/www/framework/base/CApplication.php(184): CWebApplication->processRequest()
#10 /opt/lampp/htdocs/helloyii.loc/www/index.php(13): CApplication->run()
#11 {main}
REQUEST_URI=/index.php?r=user/admin
HTTP_REFERER=http://helloyii.loc/index.php?r=user
---
2015/08/07 16:09:53 [error] [exception.CHttpException.403] exception 'CHttpException' with message 'You are not authorized to perform this action.' in /opt/lampp/htdocs/helloyii.loc/www/framework/web/auth/CAccessControlFilter.php:182
Stack trace:
#0 /opt/lampp/htdocs/helloyii.loc/www/framework/web/auth/CAccessControlFilter.php(145): CAccessControlFilter->accessDenied(Object(CWebUser), 'You are not aut...')
#1 /opt/lampp/htdocs/helloyii.loc/www/framework/web/filters/CFilter.php(38): CAccessControlFilter->preFilter(Object(CFilterChain))
#2 /opt/lampp/htdocs/helloyii.loc/www/framework/web/CController.php(1145): CFilter->filter(Object(CFilterChain))
#3 /opt/lampp/htdocs/helloyii.loc/www/framework/web/filters/CInlineFilter.php(58): CController->filterAccessControl(Object(CFilterChain))
#4 /opt/lampp/htdocs/helloyii.loc/www/framework/web/filters/CFilterChain.php(130): CInlineFilter->filter(Object(CFilterChain))
#5 /opt/lampp/htdocs/helloyii.loc/www/framework/web/CController.php(291): CFilterChain->run()
#6 /opt/lampp/htdocs/helloyii.loc/www/framework/web/CController.php(265): CController->runActionWithFilters(Object(CInlineAction), Array)
#7 /opt/lampp/htdocs/helloyii.loc/www/framework/web/CWebApplication.php(282): CController->run('admin')
#8 /opt/lampp/htdocs/helloyii.loc/www/framework/web/CWebApplication.php(141): CWebApplication->runController('user/admin')
#9 /opt/lampp/htdocs/helloyii.loc/www/framework/base/CApplication.php(184): CWebApplication->processRequest()
#10 /opt/lampp/htdocs/helloyii.loc/www/index.php(13): CApplication->run()
#11 {main}
REQUEST_URI=/index.php?r=user/admin
HTTP_REFERER=http://helloyii.loc/index.php?r=user
---
2015/08/07 16:10:21 [error] [exception.CHttpException.403] exception 'CHttpException' with message 'You are not authorized to perform this action.' in /opt/lampp/htdocs/helloyii.loc/www/framework/web/auth/CAccessControlFilter.php:182
Stack trace:
#0 /opt/lampp/htdocs/helloyii.loc/www/framework/web/auth/CAccessControlFilter.php(145): CAccessControlFilter->accessDenied(Object(CWebUser), 'You are not aut...')
#1 /opt/lampp/htdocs/helloyii.loc/www/framework/web/filters/CFilter.php(38): CAccessControlFilter->preFilter(Object(CFilterChain))
#2 /opt/lampp/htdocs/helloyii.loc/www/framework/web/CController.php(1145): CFilter->filter(Object(CFilterChain))
#3 /opt/lampp/htdocs/helloyii.loc/www/framework/web/filters/CInlineFilter.php(58): CController->filterAccessControl(Object(CFilterChain))
#4 /opt/lampp/htdocs/helloyii.loc/www/framework/web/filters/CFilterChain.php(130): CInlineFilter->filter(Object(CFilterChain))
#5 /opt/lampp/htdocs/helloyii.loc/www/framework/web/CController.php(291): CFilterChain->run()
#6 /opt/lampp/htdocs/helloyii.loc/www/framework/web/CController.php(265): CController->runActionWithFilters(Object(CInlineAction), Array)
#7 /opt/lampp/htdocs/helloyii.loc/www/framework/web/CWebApplication.php(282): CController->run('admin')
#8 /opt/lampp/htdocs/helloyii.loc/www/framework/web/CWebApplication.php(141): CWebApplication->runController('user/admin')
#9 /opt/lampp/htdocs/helloyii.loc/www/framework/base/CApplication.php(184): CWebApplication->processRequest()
#10 /opt/lampp/htdocs/helloyii.loc/www/index.php(13): CApplication->run()
#11 {main}
REQUEST_URI=/index.php?r=user/admin
HTTP_REFERER=http://helloyii.loc/index.php?r=user
---
